<?xml version="1.0" encoding="UTF-8"?>
<!-- Generated by org.testng.reporters.JUnitReportReporter -->
<testsuite skipped="0" hostname="Shivani-PC" name="base.BaseClass" tests="1" failures="0" timestamp="29 Dec 2019 13:07:54 GMT" time="25.264" errors="0">
  <testcase name="intialization" time="25.264" classname="base.BaseClass"/>
</testsuite> <!-- base.BaseClass -->
