<?xml version="1.0" encoding="UTF-8"?>
<!-- Generated by org.testng.reporters.JUnitReportReporter -->
<testsuite skipped="0" hostname="Shivani-PC" name="test.HomeTest" tests="1" failures="0" timestamp="11 Jan 2020 14:55:53 GMT" time="18.770" errors="0">
  <testcase name="searchproduct" time="18.770" classname="test.HomeTest"/>
</testsuite> <!-- test.HomeTest -->
